writeCommonTags: couldn't write 'year' tag to 'ГрОб/Гражданская оборона/1989 - Русское Поле Экспериментов/01 Как сметана.m4a' as it's not a positive integer
writeCommonTags: couldn't write 'track' tag to 'ГрОб/Гражданская оборона/1989 - Русское Поле Экспериментов/01 Как сметана.m4a' as it's not a positive integer
writeCommonTags: couldn't write 'year' tag to 'ГрОб/Гражданская оборона/1989 - Русское Поле Экспериментов/02 Вершки и корешки.m4a' as it's not a positive integer
writeCommonTags: couldn't write 'track' tag to 'ГрОб/Гражданская оборона/1989 - Русское Поле Экспериментов/02 Вершки и корешки.m4a' as it's not a positive integer
writeCommonTags: couldn't write 'year' tag to 'ГрОб/Гражданская оборона/1989 - Русское Поле Экспериментов/03 Бери шинель.m4a' as it's not a positive integer
writeCommonTags: couldn't write 'track' tag to 'ГрОб/Гражданская оборона/1989 - Русское Поле Экспериментов/03 Бери шинель.m4a' as it's not a positive integer
writeCommonTags: couldn't write 'year' tag to 'ГрОб/Гражданская оборона/1989 - Русское Поле Экспериментов/04 Новогодняя песенка.m4a' as it's not a positive integer
writeCommonTags: couldn't write 'track' tag to 'ГрОб/Гражданская оборона/1989 - Русское Поле Экспериментов/04 Новогодняя песенка.m4a' as it's not a positive integer
writeCommonTags: couldn't write 'year' tag to 'ГрОб/Гражданская оборона/1989 - Русское Поле Экспериментов/05 Непонятная песенка.m4a' as it's not a positive integer
writeCommonTags: couldn't write 'track' tag to 'ГрОб/Гражданская оборона/1989 - Русское Поле Экспериментов/05 Непонятная песенка.m4a' as it's not a positive integer
writeCommonTags: couldn't write 'year' tag to 'ГрОб/Гражданская оборона/1989 - Русское Поле Экспериментов/06 Лоботомия.m4a' as it's not a positive integer
writeCommonTags: couldn't write 'track' tag to 'ГрОб/Гражданская оборона/1989 - Русское Поле Экспериментов/06 Лоботомия.m4a' as it's not a positive integer
writeCommonTags: couldn't write 'year' tag to 'ГрОб/Гражданская оборона/1989 - Русское Поле Экспериментов/07 Зомби.m4a' as it's not a positive integer
writeCommonTags: couldn't write 'track' tag to 'ГрОб/Гражданская оборона/1989 - Русское Поле Экспериментов/07 Зомби.m4a' as it's not a positive integer
writeCommonTags: couldn't write 'year' tag to 'ГрОб/Гражданская оборона/1989 - Русское Поле Экспериментов/08 И снова темно.m4a' as it's not a positive integer
writeCommonTags: couldn't write 'track' tag to 'ГрОб/Гражданская оборона/1989 - Русское Поле Экспериментов/08 И снова темно.m4a' as it's not a positive integer
writeCommonTags: couldn't write 'year' tag to 'ГрОб/Гражданская оборона/1989 - Русское Поле Экспериментов/09 Заплата на заплате.m4a' as it's not a positive integer
writeCommonTags: couldn't write 'track' tag to 'ГрОб/Гражданская оборона/1989 - Русское Поле Экспериментов/09 Заплата на заплате.m4a' as it's not a positive integer
writeCommonTags: couldn't write 'year' tag to 'ГрОб/Гражданская оборона/1989 - Русское Поле Экспериментов/10 Русское поле экспериментов.m4a' as it's not a positive integer
writeCommonTags: couldn't write 'track' tag to 'ГрОб/Гражданская оборона/1989 - Русское Поле Экспериментов/10 Русское поле экспериментов.m4a' as it's not a positive integer
writeCommonTags: couldn't write 'year' tag to 'ГрОб/Гражданская оборона/1987 - Хорошо!!/01 Кого-то Ещё.m4a' as it's not a positive integer
writeCommonTags: couldn't write 'track' tag to 'ГрОб/Гражданская оборона/1987 - Хорошо!!/01 Кого-то Ещё.m4a' as it's not a positive integer
writeCommonTags: couldn't write 'year' tag to 'ГрОб/Гражданская оборона/1987 - Хорошо!!/02 Слепите Мне Маску.m4a' as it's not a positive integer
writeCommonTags: couldn't write 'track' tag to 'ГрОб/Гражданская оборона/1987 - Хорошо!!/02 Слепите Мне Маску.m4a' as it's not a positive integer
writeCommonTags: couldn't write 'year' tag to 'ГрОб/Гражданская оборона/1987 - Хорошо!!/03 Карантин.m4a' as it's not a positive integer
writeCommonTags: couldn't write 'track' tag to 'ГрОб/Гражданская оборона/1987 - Хорошо!!/03 Карантин.m4a' as it's not a positive integer
writeCommonTags: couldn't write 'year' tag to 'ГрОб/Гражданская оборона/1987 - Хорошо!!/04 Наваждение.m4a' as it's not a positive integer
writeCommonTags: couldn't write 'track' tag to 'ГрОб/Гражданская оборона/1987 - Хорошо!!/04 Наваждение.m4a' as it's not a positive integer
writeCommonTags: couldn't write 'year' tag to 'ГрОб/Гражданская оборона/1987 - Хорошо!!/05 Недобитые Тела.m4a' as it's not a positive integer
writeCommonTags: couldn't write 'track' tag to 'ГрОб/Гражданская оборона/1987 - Хорошо!!/05 Недобитые Тела.m4a' as it's not a positive integer
writeCommonTags: couldn't write 'year' tag to 'ГрОб/Гражданская оборона/1987 - Хорошо!!/06 Хороший Царь И Знакомая Вонь.m4a' as it's not a positive integer
writeCommonTags: couldn't write 'track' tag to 'ГрОб/Гражданская оборона/1987 - Хорошо!!/06 Хороший Царь И Знакомая Вонь.m4a' as it's not a positive integer
writeCommonTags: couldn't write 'year' tag to 'ГрОб/Гражданская оборона/1987 - Хорошо!!/07 Хорошо!.m4a' as it's not a positive integer
writeCommonTags: couldn't write 'track' tag to 'ГрОб/Гражданская оборона/1987 - Хорошо!!/07 Хорошо!.m4a' as it's not a positive integer
writeCommonTags: couldn't write 'year' tag to 'ГрОб/Гражданская оборона/1987 - Хорошо!!/08 Приятного Аппетита!.m4a' as it's not a positive integer
writeCommonTags: couldn't write 'track' tag to 'ГрОб/Гражданская оборона/1987 - Хорошо!!/08 Приятного Аппетита!.m4a' as it's not a positive integer
writeCommonTags: couldn't write 'year' tag to 'ГрОб/Гражданская оборона/1987 - Хорошо!!/09 Хороший Автобус.m4a' as it's not a positive integer
writeCommonTags: couldn't write 'track' tag to 'ГрОб/Гражданская оборона/1987 - Хорошо!!/09 Хороший Автобус.m4a' as it's not a positive integer
writeCommonTags: couldn't write 'year' tag to 'ГрОб/Гражданская оборона/1987 - Хорошо!!/10 Красное Знамя.m4a' as it's not a positive integer
writeCommonTags: couldn't write 'track' tag to 'ГрОб/Гражданская оборона/1987 - Хорошо!!/10 Красное Знамя.m4a' as it's not a positive integer
writeCommonTags: couldn't write 'year' tag to 'ГрОб/Гражданская оборона/1987 - Хорошо!!/11 Здравствуй, Чёрный Понедельник.m4a' as it's not a positive integer
writeCommonTags: couldn't write 'track' tag to 'ГрОб/Гражданская оборона/1987 - Хорошо!!/11 Здравствуй, Чёрный Понедельник.m4a' as it's not a positive integer
writeCommonTags: couldn't write 'year' tag to 'ГрОб/Гражданская оборона/1987 - Хорошо!!/12 Полный Пиздец.m4a' as it's not a positive integer
writeCommonTags: couldn't write 'track' tag to 'ГрОб/Гражданская оборона/1987 - Хорошо!!/12 Полный Пиздец.m4a' as it's not a positive integer
writeCommonTags: couldn't write 'year' tag to 'ГрОб/Гражданская оборона/1987 - Хорошо!!/13 В Стену Головой.m4a' as it's not a positive integer
writeCommonTags: couldn't write 'track' tag to 'ГрОб/Гражданская оборона/1987 - Хорошо!!/13 В Стену Головой.m4a' as it's not a positive integer
writeCommonTags: couldn't write 'year' tag to 'ГрОб/Гражданская оборона/1987 - Хорошо!!/14 Психоделический Камешек.m4a' as it's not a positive integer
writeCommonTags: couldn't write 'track' tag to 'ГрОб/Гражданская оборона/1987 - Хорошо!!/14 Психоделический Камешек.m4a' as it's not a positive integer
